<?xml version="1.0" encoding="UTF-8"?>
<!-- Generated by org.testng.reporters.JUnitReportReporter -->
<testsuite hostname="LAPTOP-E06RK7S2" failures="0" tests="1" name="testCases.BaseClassTestCase" time="6.781" errors="0" timestamp="2022-07-27T00:27:45 EDT" skipped="0">
  <testcase classname="testCases.BaseClassTestCase" name="GetStarted" time="6.781"/>
  <system-out/>
</testsuite> <!-- testCases.BaseClassTestCase -->
