<?xml version="1.0" encoding="UTF-8"?>
<!-- Generated by org.testng.reporters.JUnitReportReporter -->
<testsuite hostname="LAPTOP-E06RK7S2" failures="0" tests="1" name="com.dsalgo.testCases.GetStartedTestCase" time="1.097" errors="0" timestamp="2022-08-01T13:09:56 EDT" skipped="0">
  <testcase classname="com.dsalgo.testCases.GetStartedTestCase" name="GetstartedTest" time="1.097"/>
  <system-out/>
</testsuite> <!-- com.dsalgo.testCases.GetStartedTestCase -->
