<?xml version="1.0" encoding="UTF-8"?>
<!-- Generated by org.testng.reporters.JUnitReportReporter -->
<testsuite hostname="LAPTOP-E06RK7S2" failures="0" tests="1" name="com.dsalgo.testCases.DataStructuresTestCase" time="3.680" errors="0" timestamp="2022-08-15T16:10:18 EDT" skipped="0">
  <testcase classname="com.dsalgo.testCases.DataStructuresTestCase" name="DataStructures" time="3.680"/>
  <system-out/>
</testsuite> <!-- com.dsalgo.testCases.DataStructuresTestCase -->
