<?xml version="1.0" encoding="UTF-8"?>
<!-- Generated by org.testng.reporters.JUnitReportReporter -->
<testsuite hostname="LAPTOP-E06RK7S2" failures="0" tests="1" name="com.dsalgo.testCases.RegisterDataDriven" time="0.000" errors="0" timestamp="2022-08-10T13:14:35 EDT" skipped="1">
  <testcase classname="com.dsalgo.testCases.RegisterDataDriven" name="RegisterDataTest" time="0.000">
    <skipped/>
  </testcase> <!-- RegisterDataTest -->
  <system-out/>
</testsuite> <!-- com.dsalgo.testCases.RegisterDataDriven -->
