<?xml version="1.0" encoding="UTF-8"?>
<!-- Generated by org.testng.reporters.JUnitReportReporter -->
<testsuite hostname="LAPTOP-E06RK7S2" failures="0" tests="1" name="com.dsalgo.testCases.SignInTestCase" time="1.760" errors="0" timestamp="2022-08-15T16:10:18 EDT" skipped="0">
  <testcase classname="com.dsalgo.testCases.SignInTestCase" name="SignInTest" time="1.760"/>
  <system-out/>
</testsuite> <!-- com.dsalgo.testCases.SignInTestCase -->
