<?xml version="1.0" encoding="UTF-8"?>
<!-- Generated by org.testng.reporters.JUnitReportReporter -->
<testsuite hostname="LAPTOP-E06RK7S2" failures="0" tests="1" name="com.dsalgo.testCases.LinkedListTestCase" time="13.790" errors="0" timestamp="2022-08-15T16:10:18 EDT" skipped="0">
  <testcase classname="com.dsalgo.testCases.LinkedListTestCase" name="linkedlist" time="13.790"/>
  <system-out/>
</testsuite> <!-- com.dsalgo.testCases.LinkedListTestCase -->
