<?xml version="1.0" encoding="UTF-8"?>
<!-- Generated by org.testng.reporters.JUnitReportReporter -->
<testsuite hostname="LAPTOP-E06RK7S2" failures="0" tests="1" name="com.dsalgo.testCases.HomePageTestCase" time="1.149" errors="0" timestamp="2022-08-01T13:09:56 EDT" skipped="0">
  <testcase classname="com.dsalgo.testCases.HomePageTestCase" name="HomepageTest" time="1.149"/>
  <system-out/>
</testsuite> <!-- com.dsalgo.testCases.HomePageTestCase -->
