<?xml version="1.0" encoding="UTF-8"?>
<!-- Generated by org.testng.reporters.JUnitReportReporter -->
<testsuite hostname="LAPTOP-E06RK7S2" failures="0" tests="1" name="com.dsalgo.testCases.BaseClassTestCase" time="12.020" errors="0" timestamp="2022-07-29T11:14:13 EDT" skipped="0">
  <testcase classname="com.dsalgo.testCases.BaseClassTestCase" name="GetStarted" time="12.020"/>
  <system-out/>
</testsuite> <!-- com.dsalgo.testCases.BaseClassTestCase -->
